1672605194007 GET /pocketsage
1672605311674 GET /src/views/style.css
1672605620716 GET /src/views/style.css
1672605777881 GET /src/views/style.css
1672605777903 GET /images/icon-work.svg
1672605777904 GET /images/icon-play.svg
1672605777905 GET /images/icon-study.svg
1672605777906 GET /images/icon-exercise.svg
1672605777907 GET /images/icon-social.svg
1672606068191 GET /src/views/style.css
1672606068214 GET /images/icon-work.svg
1672606068217 GET /images/icon-play.svg
1672606068218 GET /images/icon-study.svg
1672606068219 GET /images/icon-exercise.svg
1672606068219 GET /images/icon-social.svg
1672606271666 GET /src/views/style.css
1672606271688 GET /images/icon-work.svg
1672606271691 GET /images/icon-study.svg
1672606271690 GET /images/icon-play.svg
1672606271691 GET /images/icon-exercise.svg
1672606271691 GET /images/icon-social.svg
1672606305347 GET /src/views/style.css
1672606305369 GET /images/icon-work.svg
1672606305370 GET /images/icon-play.svg
1672606305371 GET /images/icon-study.svg
1672606305372 GET /images/icon-exercise.svg
1672606305372 GET /images/icon-social.svg
1672606353717 GET /src/views/style.css
1672606353739 GET /images/icon-work.svg
1672606353740 GET /images/icon-play.svg
1672606353742 GET /images/icon-exercise.svg
1672606353741 GET /images/icon-study.svg
1672606353743 GET /images/icon-social.svg
1672606505071 GET /src/views/style.css
1672606505093 GET /images/icon-work.svg
1672606505094 GET /images/icon-play.svg
1672606505095 GET /images/icon-study.svg
1672606505098 GET /images/icon-exercise.svg
1672606505099 GET /images/icon-social.svg
1672606510492 GET /src/views/style.css
1672606510516 GET /images/icon-work.svg
1672606510517 GET /images/icon-play.svg
1672606510518 GET /images/icon-study.svg
1672606510520 GET /images/icon-exercise.svg
1672606510521 GET /images/icon-social.svg
1672606512813 GET /src/views/style.css
1672606512840 GET /images/icon-work.svg
1672606512848 GET /images/icon-play.svg
1672606512849 GET /images/icon-study.svg
1672606512852 GET /images/icon-exercise.svg
1672606512852 GET /images/icon-social.svg
1672832501828 GET /src/views/style.css
1672832501848 GET /images/icon-work.svg
1672832501849 GET /images/icon-play.svg
1672832501850 GET /images/icon-study.svg
1672832501850 GET /images/icon-exercise.svg
1672832501851 GET /images/icon-social.svg
1672832501869 GET /src/images/favicon-32x32.png
1672832803673 GET /src/views/style.css
1672832803693 GET /images/icon-work.svg
1672832803694 GET /images/icon-play.svg
1672832803695 GET /images/icon-study.svg
1672832803695 GET /images/icon-exercise.svg
1672832803695 GET /images/icon-social.svg
1672832810990 GET /src/views/style.css
1672832811021 GET /images/icon-work.svg
1672832811022 GET /images/icon-play.svg
1672832811023 GET /images/icon-study.svg
1672832811027 GET /images/icon-exercise.svg
1672832811029 GET /images/icon-social.svg
1672832812546 GET /src/views/style.css
1672832812567 GET /images/icon-work.svg
1672832812568 GET /images/icon-play.svg
1672832812569 GET /images/icon-study.svg
1672832812569 GET /images/icon-exercise.svg
1672832812569 GET /images/icon-social.svg
1672832813593 GET /src/views/style.css
1672832813614 GET /images/icon-work.svg
1672832813614 GET /images/icon-play.svg
1672832813615 GET /images/icon-study.svg
1672832813617 GET /images/icon-exercise.svg
1672832813618 GET /images/icon-social.svg
1672832913293 GET /src/views/style.css
1672832913312 GET /images/icon-work.svg
1672832913313 GET /images/icon-play.svg
1672832913316 GET /images/icon-study.svg
1672832913316 GET /images/icon-exercise.svg
1672832913316 GET /images/icon-social.svg
1672832987282 GET /src/views/style.css
1672832987310 GET /images/icon-work.svg
1672832987311 GET /images/icon-play.svg
1672832987312 GET /images/icon-study.svg
1672832987312 GET /images/icon-exercise.svg
1672832987312 GET /images/icon-social.svg
1672833045030 GET /src/views/style.css
1672833045052 GET /images/icon-play.svg
1672833045051 GET /images/icon-work.svg
1672833045053 GET /images/icon-study.svg
1672833045053 GET /images/icon-exercise.svg
1672833045054 GET /images/icon-social.svg
1672833050017 GET /src/views/style.css
1672833050040 GET /images/icon-work.svg
1672833050041 GET /images/icon-play.svg
1672833050041 GET /images/icon-study.svg
1672833050041 GET /images/icon-exercise.svg
1672833050041 GET /images/icon-social.svg
1672833051635 GET /src/views/style.css
1672833051676 GET /images/icon-work.svg
1672833051676 GET /images/icon-play.svg
1672833051677 GET /images/icon-study.svg
1672833051678 GET /images/icon-exercise.svg
1672833051679 GET /images/icon-social.svg
1672833114900 GET /src/views/style.css
1672833114928 GET /images/icon-work.svg
1672833114929 GET /images/icon-play.svg
1672833114930 GET /images/icon-study.svg
1672833114930 GET /images/icon-exercise.svg
1672833114931 GET /images/icon-social.svg
1672833115844 GET /src/views/style.css
1672833115864 GET /images/icon-work.svg
1672833115865 GET /images/icon-play.svg
1672833115866 GET /images/icon-study.svg
1672833115867 GET /images/icon-exercise.svg
1672833115867 GET /images/icon-social.svg
1672833116684 GET /src/views/style.css
1672833116704 GET /images/icon-work.svg
1672833116705 GET /images/icon-play.svg
1672833116706 GET /images/icon-study.svg
1672833116706 GET /images/icon-exercise.svg
1672833116707 GET /images/icon-social.svg
1672833117606 GET /src/views/style.css
1672833117626 GET /images/icon-work.svg
1672833117626 GET /images/icon-play.svg
1672833117627 GET /images/icon-study.svg
1672833117628 GET /images/icon-exercise.svg
1672833117628 GET /images/icon-social.svg
1672833118550 GET /src/views/style.css
1672833118574 GET /images/icon-work.svg
1672833118574 GET /images/icon-study.svg
1672833118574 GET /images/icon-play.svg
1672833118574 GET /images/icon-exercise.svg
1672833118575 GET /images/icon-social.svg
1672833120787 GET /src/views/style.css
1672833120808 GET /images/icon-work.svg
1672833120808 GET /images/icon-play.svg
1672833120810 GET /images/icon-study.svg
1672833120811 GET /images/icon-exercise.svg
1672833120812 GET /images/icon-social.svg
1672833122627 GET /src/views/style.css
1672833122648 GET /images/icon-work.svg
1672833122648 GET /images/icon-play.svg
1672833122648 GET /images/icon-study.svg
1672833122651 GET /images/icon-exercise.svg
1672833122652 GET /images/icon-social.svg
1672833125480 GET /src/views/style.css
1672833125501 GET /images/icon-work.svg
1672833125502 GET /images/icon-play.svg
1672833125502 GET /images/icon-study.svg
1672833125502 GET /images/icon-exercise.svg
1672833125502 GET /images/icon-social.svg
1672833126500 GET /src/views/style.css
1672833126514 GET /images/icon-work.svg
1672833126514 GET /images/icon-play.svg
1672833126514 GET /images/icon-study.svg
1672833126515 GET /images/icon-exercise.svg
1672833126515 GET /images/icon-social.svg
1672833127261 GET /src/views/style.css
1672833127281 GET /images/icon-work.svg
1672833127282 GET /images/icon-play.svg
1672833127282 GET /images/icon-study.svg
1672833127284 GET /images/icon-exercise.svg
1672833127284 GET /images/icon-social.svg
1672833128634 GET /src/views/style.css
1672833128659 GET /images/icon-work.svg
1672833128659 GET /images/icon-play.svg
1672833128661 GET /images/icon-study.svg
1672833128661 GET /images/icon-exercise.svg
1672833128662 GET /images/icon-social.svg
1672833182649 GET /src/views/style.css
1672833182670 GET /images/icon-work.svg
1672833182672 GET /images/icon-play.svg
1672833182672 GET /images/icon-study.svg
1672833182673 GET /images/icon-exercise.svg
1672833182674 GET /images/icon-social.svg
1672833183435 GET /src/views/style.css
1672833183457 GET /images/icon-work.svg
1672833183458 GET /images/icon-play.svg
1672833183458 GET /images/icon-study.svg
1672833183459 GET /images/icon-exercise.svg
1672833183459 GET /images/icon-social.svg
1672833184157 GET /src/views/style.css
1672833184174 GET /images/icon-work.svg
1672833184175 GET /images/icon-play.svg
1672833184175 GET /images/icon-study.svg
1672833184177 GET /images/icon-exercise.svg
1672833184177 GET /images/icon-social.svg
1672833184868 GET /src/views/style.css
1672833184889 GET /images/icon-work.svg
1672833184890 GET /images/icon-play.svg
1672833184890 GET /images/icon-study.svg
1672833184890 GET /images/icon-exercise.svg
1672833184890 GET /images/icon-social.svg
1672833185499 GET /src/views/style.css
1672833185524 GET /images/icon-work.svg
1672833185524 GET /images/icon-play.svg
1672833185524 GET /images/icon-study.svg
1672833185524 GET /images/icon-exercise.svg
1672833185524 GET /images/icon-social.svg
1672833187641 GET /src/views/style.css
1672833187661 GET /images/icon-work.svg
1672833187662 GET /images/icon-play.svg
1672833187662 GET /images/icon-study.svg
1672833187662 GET /images/icon-exercise.svg
1672833187662 GET /images/icon-social.svg
1672833188540 GET /src/views/style.css
1672833188560 GET /images/icon-work.svg
1672833188560 GET /images/icon-play.svg
1672833188561 GET /images/icon-study.svg
1672833188561 GET /images/icon-exercise.svg
1672833188562 GET /images/icon-social.svg
1672833189268 GET /src/views/style.css
1672833189289 GET /images/icon-work.svg
1672833189290 GET /images/icon-play.svg
1672833189291 GET /images/icon-study.svg
1672833189291 GET /images/icon-exercise.svg
1672833189291 GET /images/icon-social.svg
1672833189923 GET /src/views/style.css
1672833189943 GET /images/icon-work.svg
1672833189944 GET /images/icon-play.svg
1672833189944 GET /images/icon-study.svg
1672833189944 GET /images/icon-exercise.svg
1672833189945 GET /images/icon-social.svg
1672833190581 GET /src/views/style.css
1672833190601 GET /images/icon-work.svg
1672833190601 GET /images/icon-play.svg
1672833190601 GET /images/icon-study.svg
1672833190602 GET /images/icon-exercise.svg
1672833190602 GET /images/icon-social.svg
1672833260926 GET /src/views/style.css
1672833260947 GET /images/icon-work.svg
1672833260947 GET /images/icon-play.svg
1672833260950 GET /images/icon-study.svg
1672833260950 GET /images/icon-exercise.svg
1672833260950 GET /images/icon-social.svg
1672833270626 GET /src/views/style.css
1672833374493 GET /src/views/style.css
1672833374521 GET /images/icon-work.svg
1672833374522 GET /images/icon-play.svg
1672833374523 GET /images/icon-study.svg
1672833374524 GET /images/icon-exercise.svg
1672833374524 GET /images/icon-social.svg
1672833382230 GET /src/views/style.css
1672833382259 GET /images/icon-work.svg
1672833382260 GET /images/icon-play.svg
1672833382261 GET /images/icon-study.svg
1672833382261 GET /images/icon-exercise.svg
1672833382261 GET /images/icon-social.svg
1672833382963 GET /src/views/style.css
1672833382983 GET /images/icon-work.svg
1672833382984 GET /images/icon-play.svg
1672833382985 GET /images/icon-study.svg
1672833382985 GET /images/icon-exercise.svg
1672833382985 GET /images/icon-social.svg
1672833383662 GET /src/views/style.css
1672833383682 GET /images/icon-work.svg
1672833383683 GET /images/icon-play.svg
1672833383683 GET /images/icon-study.svg
1672833383686 GET /images/icon-exercise.svg
1672833383686 GET /images/icon-social.svg
1672833447332 GET /src/views/style.css
1672833447351 GET /images/icon-work.svg
1672833447352 GET /images/icon-play.svg
1672833447355 GET /images/icon-study.svg
1672833447355 GET /images/icon-exercise.svg
1672833447356 GET /images/icon-social.svg
1672833668257 GET /src/views/style.css
1672833668278 GET /images/icon-work.svg
1672833668279 GET /images/icon-play.svg
1672833668280 GET /images/icon-study.svg
1672833668280 GET /images/icon-exercise.svg
1672833668280 GET /images/icon-social.svg
1672834098646 GET /src/views/style.css
1672834098673 GET /images/icon-work.svg
1672834098674 GET /images/icon-play.svg
1672834098675 GET /images/icon-exercise.svg
1672834098675 GET /images/icon-social.svg
1672834098675 GET /images/icon-study.svg
1672834105391 GET /
1672834109364 GET /
1672834114646 GET /src/views/style.css
1672834114671 GET /images/icon-work.svg
1672834114672 GET /images/icon-play.svg
1672834114673 GET /images/icon-study.svg
1672834114673 GET /images/icon-exercise.svg
1672834114674 GET /images/icon-social.svg
1672834121172 GET /pocketsages/lol
